[10Apr2026 22:43:07.446] [main/INFO] [FabricLoader/GameProvider/]: Loading Minecraft 1.21.1 Arclight arclight-1.21.1-1.0.2-SNAPSHOT-9c004d4 with Fabric Loader 0.18.2
mainEx[10Apr2026 22:43:08.947] [main/INFO] [FabricLoader/]: Loading 69 mods:
	- arclight 1.0.2-SNAPSHOT+9c004d4
	   \-- fabric-permissions-api-v0 0.3.1
	- bbs 1.10.1-1.21.1
	- cloth-config 15.0.140
	   \-- cloth-basic-math 0.6.1
	- commonnetworking 1.0.21-1.21.1
	- entityculling 1.9.5
	   |-- transition 1.0.11
	   \-- trender 1.0.10
	- fabric-api 0.116.10+1.21.1
	   |-- fabric-api-base 0.4.42+6573ed8c19
	   |-- fabric-api-lookup-api-v1 1.6.72+7b3d111d19
	   |-- fabric-biome-api-v1 13.0.31+d527f9fd19
	   |-- fabric-block-api-v1 1.1.0+0bc3503219
	   |-- fabric-block-view-api-v2 1.0.11+ebb2264e19
	   |-- fabric-blockrenderlayer-v1 1.1.52+0af3f5a719
	   |-- fabric-client-tags-api-v1 1.1.15+6573ed8c19
	   |-- fabric-command-api-v1 1.2.49+f71b366f19
	   |-- fabric-command-api-v2 2.2.28+6ced4dd919
	   |-- fabric-commands-v0 0.2.66+df3654b319
	   |-- fabric-content-registries-v0 8.0.19+b559734419
	   |-- fabric-convention-tags-v1 2.1.7+7f945d5b19
	   |-- fabric-convention-tags-v2 2.12.0+c3656daa19
	   |-- fabric-crash-report-info-v1 0.2.29+0af3f5a719
	   |-- fabric-data-attachment-api-v1 1.4.6+5b36e0f719
	   |-- fabric-data-generation-api-v1 20.2.36+37516cd619
	   |-- fabric-dimensions-v1 4.0.1+65213ef819
	   |-- fabric-entity-events-v1 1.8.0+2b27e0a419
	   |-- fabric-events-interaction-v0 0.7.13+ba9dae0619
	   |-- fabric-game-rule-api-v1 1.0.53+6ced4dd919
	   |-- fabric-item-api-v1 11.2.0+3b3cb2e819
	   |-- fabric-item-group-api-v1 4.1.7+def88e3a19
	   |-- fabric-key-binding-api-v1 1.0.47+0af3f5a719
	   |-- fabric-keybindings-v0 0.2.45+df3654b319
	   |-- fabric-lifecycle-events-v1 2.6.0+0865547519
	   |-- fabric-loot-api-v2 3.0.15+3f89f5a519
	   |-- fabric-loot-api-v3 1.0.3+3f89f5a519
	   |-- fabric-message-api-v1 6.0.14+8aaf3aca19
	   |-- fabric-model-loading-api-v1 2.1.0+b4d813fc19
	   |-- fabric-networking-api-v1 4.3.0+c7469b2119
	   |-- fabric-object-builder-api-v1 15.2.1+40875a9319
	   |-- fabric-particles-v1 4.0.2+6573ed8c19
	   |-- fabric-recipe-api-v1 5.0.15+2475392c19
	   |-- fabric-registry-sync-v0 5.3.1+e3eddc2119
	   |-- fabric-renderer-api-v1 3.4.1+b4d813fc19
	   |-- fabric-renderer-indigo 1.7.1+c705a49c19
	   |-- fabric-renderer-registries-v1 3.2.69+df3654b319
	   |-- fabric-rendering-data-attachment-v1 0.3.49+73761d2e19
	   |-- fabric-rendering-fluids-v1 3.1.6+1daea21519
	   |-- fabric-rendering-v0 1.1.72+df3654b319
	   |-- fabric-rendering-v1 5.1.0+ab4c25a019
	   |-- fabric-resource-conditions-api-v1 4.3.0+8dc279b119
	   |-- fabric-resource-loader-v0 1.3.1+5b5275af19
	   |-- fabric-screen-api-v1 2.0.25+8b68f1c719
	   |-- fabric-screen-handler-api-v1 1.3.90+b559734419
	   |-- fabric-sound-api-v1 1.0.23+6573ed8c19
	   |-- fabric-transfer-api-v1 5.4.4+7b3d111d19
	   \-- fabric-transitive-access-wideners-v1 6.2.0+45b9699719
	- fabricloader 0.18.2
	   \-- mixinextras 0.5.0
	- ferritecore 7.0.3
	- geckolib 4.8.4
	- java 21
	- minecraft 1.21.1
	- modernfix 5.25.1+mc1.21.1
	- nochatreports 1.21.1-v2.9.1
	- panal-mod 1.0.0
	- papa-bomba 1-BETA
	- periquito-mod 1.0.0
	- placeholder-api 2.4.2+1.21
	- reframed 1.6.6
	- subtitlemod 1.3
	- yet_another_config_lib_v3 3.8.2+1.21.1-fabric
	   |-- com_twelvemonkeys_common_common-image 3.12.0
	   |-- com_twelvemonkeys_common_common-io 3.12.0
	   |-- com_twelvemonkeys_common_common-lang 3.12.0
	   |-- com_twelvemonkeys_imageio_imageio-core 3.12.0
	   |-- com_twelvemonkeys_imageio_imageio-metadata 3.12.0
	   |-- com_twelvemonkeys_imageio_imageio-webp 3.12.0
	   |-- org_quiltmc_parsers_gson 0.2.1
	   \-- org_quiltmc_parsers_json 0.2.1
mainEx[10Apr2026 22:43:09.478] [main/INFO] [FabricLoader/Mixin/]: SpongePowered MIXIN Subsystem Version=0.8.7 Source=file:/workspaces/Squids-peru/servidor_minecraft/libraries/net/fabricmc/sponge-mixin/0.16.5+mixin.0.8.7/sponge-mixin-0.16.5+mixin.0.8.7.jar Service=Knot/Fabric Env=SERVER
mainEx[10Apr2026 22:43:09.889] [main/INFO] [FabricLoader/Mixin/]: Compatibility level set to JAVA_21
mainEx[10Apr2026 22:43:10.444] [main/INFO] [Arclight/]: Using locale en_ and fallback locale en_us
mainEx[10Apr2026 22:43:10.451] [main/INFO] [Arclight/]: 

       ___           ___     __   /\
      /   | ________/ (_)__ / /  / /
     / /| |/ __/ __/ / / _ / _ \/__/
    / ___ / / / /_/ / / / / // / /
   /_/  |/_/  \__/_/_/\_ /_//_/ /
                     /__/     \/

    Version 诸王 (Feudal Kings) / arclight-fabric-1.21.1-1.0.2-SNAPSHOT+9c004d4
    Build Date 2026-01-20 14:20:11

mainEx[10Apr2026 22:43:10.635] [main/INFO] [ModernFix/]: Loaded configuration file for ModernFix 5.25.1+mc1.21.1: 65 options available, 0 override(s) found
mainEx[10Apr2026 22:43:10.636] [main/INFO] [ModernFix/]: Applying Nashorn fix
mainEx[10Apr2026 22:43:10.648] [main/WARN] [FabricLoader/Mixin/]: Reference map 'yet_another_config_lib_v3.refmap.json' for yacl.mixins.json could not be read. If this is a development environment you can ignore this message
mainEx[10Apr2026 22:43:10.648] [main/WARN] [FabricLoader/Mixin/]: Reference map 'yet_another_config_lib_v3.refmap.json' for yacl-fabric.mixins.json could not be read. If this is a development environment you can ignore this message
mainEx[10Apr2026 22:43:12.718] [main/INFO] [FabricLoader/MixinExtras|Service/]: Initializing MixinExtras via com.llamalad7.mixinextras.service.MixinExtrasServiceImpl(version=0.5.0).
mainEx[10Apr2026 22:43:16.332] [main/WARN] [FabricLoader/Mixin/]: Static binding violation: PRIVATE @Overwrite method method_21740 in modernfix-common.mixins.json:perf.remove_biome_temperature_cache.BiomeMixin from mod modernfix cannot reduce visibiliy of PUBLIC target method, visibility will be upgraded.
mainEx[10Apr2026 22:43:20.231] [main/INFO] [net.minecraft.class_2966/]: Vanilla bootstrap took 6845 milliseconds
mainEx[10Apr2026 22:43:20.737] [main/INFO] [panal-mod/]: Registered ModItems
mainEx[10Apr2026 22:43:20.738] [main/INFO] [panal-mod/]: [PanalMod] Bloques registrados.
mainEx[10Apr2026 22:43:20.739] [main/INFO] [panal-mod/]: [PanalMod] Sonidos registrados.
mainEx[10Apr2026 22:43:20.744] [main/INFO] [panal-mod/]: PanalMod initialized!
mainEx[10Apr2026 22:43:20.809] [main/INFO] [papa-bomba/]: 🥔 Papa Bomba inicializando...
mainEx[10Apr2026 22:43:20.812] [main/INFO] [papa-bomba/]: Sonidos registrados: papa-bomba:enterrar papa-bomba:explosion
mainEx[10Apr2026 22:43:20.823] [main/INFO] [papa-bomba/]: 🥔 Papa Bomba listo!
mainEx[10Apr2026 22:43:20.825] [main/INFO] [periquito-mod/]: PeriquitoMod initialized!
mainEx[10Apr2026 22:43:21.057] [main/INFO] [com.mojang.authlib.yggdrasil.YggdrasilAuthenticationService/]: Environment: Environment[sessionHost=https://sessionserver.mojang.com, servicesHost=https://api.minecraftservices.com, name=PROD]
mainEx[10Apr2026 22:43:23.471] [main/INFO] [net.minecraft.class_1863/]: Loaded 1362 recipes
mainEx[10Apr2026 22:43:23.679] [main/INFO] [net.minecraft.class_163/]: Loaded 1472 advancements
mainEx[10Apr2026 22:43:23.718] [main/WARN] [ModernFix/]: Initial datapack load took 2.239 s
mainEx[10Apr2026 22:43:23.803] [main/INFO] [net.fabricmc.fabric.impl.biome.modification.BiomeModificationImpl/]: Applied 0 biome modifications to 0 of 64 new biomes in 1.205 ms
mainEx[10Apr2026 22:43:23.812] [Server thread/INFO] [net.minecraft.class_3176/]: Starting minecraft server version 1.21.1
Server threadEx[10Apr2026 22:43:23.812] [Server thread/INFO] [net.minecraft.class_3176/]: Loading properties
Server threadEx[10Apr2026 22:43:23.812] [Server thread/INFO] [net.minecraft.class_3176/]: Default game type: SURVIVAL
Server threadEx[10Apr2026 22:43:23.812] [Server thread/INFO] [net.minecraft.server.MinecraftServer/]: Generating keypair
Server threadEx[10Apr2026 22:43:23.953] [Server thread/INFO] [net.minecraft.class_3176/]: Starting Minecraft server on *:25565
Server threadEx[10Apr2026 22:43:24.037] [Server thread/INFO] [net.minecraft.class_3242/]: Using epoll channel type
Server threadEx[10Apr2026 22:43:24.120] [Server thread/WARN] [net.minecraft.class_3176/]: **** SERVER IS RUNNING IN OFFLINE/INSECURE MODE!
Server threadEx[10Apr2026 22:43:24.120] [Server thread/WARN] [net.minecraft.class_3176/]: The server will make no attempt to authenticate usernames. Beware.
Server threadEx[10Apr2026 22:43:24.120] [Server thread/WARN] [net.minecraft.class_3176/]: While this makes the game possible to play without internet access, it also opens up the ability for hackers to connect with any username they choose.
Server threadEx[10Apr2026 22:43:24.120] [Server thread/WARN] [net.minecraft.class_3176/]: To change this, set "online-mode" to "true" in the server.properties file.
Server threadEx[10Apr2026 22:43:24.331] [Server thread/INFO] [Minecraft/]: This server is running Arclight version arclight-1.21.1-1.0.2-SNAPSHOT-9c004d4 (MC: 1.21.1) (Implementing API version 1.21.1-R0.1-SNAPSHOT)
Server threadEx[10Apr2026 22:43:25.024] [Server thread/INFO] [Minecraft/]: *** This version of Spigot contains changes to some enums. If you notice that plugins no longer work after updating, please report this to the developers of those plugins first. ***
Server threadEx[10Apr2026 22:43:25.024] [Server thread/INFO] [Minecraft/]: *** If you cannot update those plugins, you can try setting `settings.compatibility.enum-compatibility-mode` to `true` in `bukkit.yml`. ***
Server threadEx[10Apr2026 22:43:25.424] [Server thread/INFO] [Arclight/]: Registering for Bukkit ...
Server threadEx[10Apr2026 22:43:25.467] [Server thread/INFO] [Arclight/]: Registered 66 new materials with 54 blocks and 12 items
Server threadEx[10Apr2026 22:43:25.655] [Server thread/INFO] [Arclight/]: Registered 2 new entity types
Server threadEx[10Apr2026 22:43:25.656] [Server thread/INFO] [Arclight/]: Registered 0 new biomes
Server threadEx[10Apr2026 22:43:25.684] [Server thread/INFO] [net.minecraft.class_2983/]: [STDOUT]: Server Ping Player Sample Count: 12
Server threadEx[10Apr2026 22:43:25.687] [Spigot Watchdog Thread/INFO] [Arclight/]: Started pseudo Spigot watchdog thread.
Spigot Watchdog ThreadEx[10Apr2026 22:43:25.688] [Server thread/INFO] [Minecraft/]: Using 4 threads for Netty based IO
Server threadEx[10Apr2026 22:43:25.689] [Server thread/INFO] [Minecraft/]: Debug logging is enabled
Server threadEx[10Apr2026 22:43:26.210] [Server thread/INFO] [Arclight/]: Loading mappings ...
Server threadEx[10Apr2026 22:43:26.889] [Server thread/INFO] [Arclight/]: Loading plugin patchers ...
Server threadEx[10Apr2026 22:43:28.249] [Server thread/INFO] [Minecraft/]: [Animorph] Loading 6 libraries... please wait
Server threadEx[10Apr2026 22:43:28.464] [Server thread/INFO] [Minecraft/]: [Animorph] Loaded library /workspaces/Squids-peru/servidor_minecraft/libraries/net/kyori/adventure-api/4.17.0/adventure-api-4.17.0.jar
Server threadEx[10Apr2026 22:43:28.464] [Server thread/INFO] [Minecraft/]: [Animorph] Loaded library /workspaces/Squids-peru/servidor_minecraft/libraries/net/kyori/adventure-key/4.17.0/adventure-key-4.17.0.jar
Server threadEx[10Apr2026 22:43:28.464] [Server thread/INFO] [Minecraft/]: [Animorph] Loaded library /workspaces/Squids-peru/servidor_minecraft/libraries/net/kyori/examination-api/1.3.0/examination-api-1.3.0.jar
Server threadEx[10Apr2026 22:43:28.464] [Server thread/INFO] [Minecraft/]: [Animorph] Loaded library /workspaces/Squids-peru/servidor_minecraft/libraries/net/kyori/examination-string/1.3.0/examination-string-1.3.0.jar
Server threadEx[10Apr2026 22:43:28.464] [Server thread/INFO] [Minecraft/]: [Animorph] Loaded library /workspaces/Squids-peru/servidor_minecraft/libraries/org/jetbrains/annotations/24.1.0/annotations-24.1.0.jar
Server threadEx[10Apr2026 22:43:28.464] [Server thread/INFO] [Minecraft/]: [Animorph] Loaded library /workspaces/Squids-peru/servidor_minecraft/libraries/net/kyori/adventure-text-logger-slf4j/4.17.0/adventure-text-logger-slf4j-4.17.0.jar
Server threadEx[10Apr2026 22:43:28.464] [Server thread/INFO] [Minecraft/]: [Animorph] Loaded library /workspaces/Squids-peru/servidor_minecraft/libraries/org/slf4j/slf4j-api/1.7.36/slf4j-api-1.7.36.jar
Server threadEx[10Apr2026 22:43:28.464] [Server thread/INFO] [Minecraft/]: [Animorph] Loaded library /workspaces/Squids-peru/servidor_minecraft/libraries/net/kyori/adventure-text-minimessage/4.17.0/adventure-text-minimessage-4.17.0.jar
Server threadEx[10Apr2026 22:43:28.464] [Server thread/INFO] [Minecraft/]: [Animorph] Loaded library /workspaces/Squids-peru/servidor_minecraft/libraries/net/kyori/adventure-text-serializer-gson/4.17.0/adventure-text-serializer-gson-4.17.0.jar
Server threadEx[10Apr2026 22:43:28.464] [Server thread/INFO] [Minecraft/]: [Animorph] Loaded library /workspaces/Squids-peru/servidor_minecraft/libraries/net/kyori/adventure-text-serializer-json/4.17.0/adventure-text-serializer-json-4.17.0.jar
Server threadEx[10Apr2026 22:43:28.464] [Server thread/INFO] [Minecraft/]: [Animorph] Loaded library /workspaces/Squids-peru/servidor_minecraft/libraries/net/kyori/option/1.0.0/option-1.0.0.jar
Server threadEx[10Apr2026 22:43:28.464] [Server thread/INFO] [Minecraft/]: [Animorph] Loaded library /workspaces/Squids-peru/servidor_minecraft/libraries/com/google/code/gson/gson/2.8.0/gson-2.8.0.jar
Server threadEx[10Apr2026 22:43:28.464] [Server thread/INFO] [Minecraft/]: [Animorph] Loaded library /workspaces/Squids-peru/servidor_minecraft/libraries/com/google/auto/service/auto-service-annotations/1.1.1/auto-service-annotations-1.1.1.jar
Server threadEx[10Apr2026 22:43:28.464] [Server thread/INFO] [Minecraft/]: [Animorph] Loaded library /workspaces/Squids-peru/servidor_minecraft/libraries/net/kyori/adventure-text-serializer-legacy/4.17.0/adventure-text-serializer-legacy-4.17.0.jar
Server threadEx[10Apr2026 22:43:28.465] [Server thread/INFO] [Minecraft/]: [Animorph] Loaded library /workspaces/Squids-peru/servidor_minecraft/libraries/net/kyori/adventure-text-serializer-plain/4.17.0/adventure-text-serializer-plain-4.17.0.jar
Server threadEx[10Apr2026 22:43:28.522] [Server thread/INFO] [packetevents/]: Loading packetevents v2.11.2
Server threadEx[10Apr2026 22:43:30.852] [Server thread/INFO] [WorldEdit/]: Loading WorldEdit v7.3.9+6959-7adf70b
Server threadEx[10Apr2026 22:43:31.413] [Server thread/INFO] [com.sk89q.worldedit.extension.platform.PlatformManager/]: Got request to register class com.sk89q.worldedit.bukkit.BukkitServerInterface with WorldEdit [com.sk89q.worldedit.extension.platform.PlatformManager@2df3ad9b]
Server threadEx[10Apr2026 22:43:31.417] [Server thread/INFO] [SkinsRestorer/]: Loading SkinsRestorer v15.11.1
Server threadEx[10Apr2026 22:43:31.417] [Server thread/INFO] [Animorph/]: Loading Animorph v1.0.1-SNAPSHOT
Server threadEx[10Apr2026 22:43:31.783] [Server thread/INFO] [Minecraft/]: Tracker events with PacketEvents enabled
Server threadEx[10Apr2026 22:43:31.785] [Server thread/INFO] [WorldEdit/]: Enabling WorldEdit v7.3.9+6959-7adf70b
Server threadEx[10Apr2026 22:43:32.100] [Server thread/INFO] [com.sk89q.worldedit.extension.platform.PlatformCommandManager/]: Registering commands with com.sk89q.worldedit.bukkit.BukkitServerInterface
Server threadEx[10Apr2026 22:43:32.198] [Server thread/INFO] [com.sk89q.wepif.PermissionsResolverManager/]: WEPIF: Using the Bukkit Permissions API.
Server threadEx[10Apr2026 22:43:32.306] [Server thread/WARN] [Arclight/]: Loading WorldEdit Bukkit support ...
Server threadEx[10Apr2026 22:43:32.306] [Server thread/WARN] [Arclight/]: For WorldEdit compatibility issues, please report to us in advance!
Server threadEx[10Apr2026 22:43:32.351] [Server thread/INFO] [com.sk89q.worldedit.bukkit.WorldEditPlugin/]: Using com.sk89q.worldedit.bukkit.adapter.impl.v1_21.PaperweightAdapter as the Bukkit adapter
Server threadEx[10Apr2026 22:43:33.607] [Server thread/INFO] [WorldEdit/]: ====================================================
Server threadEx[10Apr2026 22:43:33.607] [Server thread/INFO] [WorldEdit/]:  WorldEdit works better if you use Paper 
Server threadEx[10Apr2026 22:43:33.607] [Server thread/INFO] [WorldEdit/]:  as your server software. 
Server threadEx[10Apr2026 22:43:33.607] [Server thread/INFO] [WorldEdit/]:   
Server threadEx[10Apr2026 22:43:33.607] [Server thread/INFO] [WorldEdit/]:  Paper offers significant performance improvements,
Server threadEx[10Apr2026 22:43:33.607] [Server thread/INFO] [WorldEdit/]:  bug fixes, security enhancements and optional
Server threadEx[10Apr2026 22:43:33.607] [Server thread/INFO] [WorldEdit/]:  features for server owners to enhance their server.
Server threadEx[10Apr2026 22:43:33.607] [Server thread/INFO] [WorldEdit/]:   
Server threadEx[10Apr2026 22:43:33.607] [Server thread/INFO] [WorldEdit/]:  Paper includes Timings v2, which is significantly
Server threadEx[10Apr2026 22:43:33.607] [Server thread/INFO] [WorldEdit/]:  better at diagnosing lag problems over v1.
Server threadEx[10Apr2026 22:43:33.608] [Server thread/INFO] [WorldEdit/]:   
Server threadEx[10Apr2026 22:43:33.608] [Server thread/INFO] [WorldEdit/]:  All of your plugins should still work, and the
Server threadEx[10Apr2026 22:43:33.608] [Server thread/INFO] [WorldEdit/]:  Paper community will gladly help you fix any issues.
Server threadEx[10Apr2026 22:43:33.608] [Server thread/INFO] [WorldEdit/]:   
Server threadEx[10Apr2026 22:43:33.608] [Server thread/INFO] [WorldEdit/]:  Join the Paper Community @ https://papermc.io
Server threadEx[10Apr2026 22:43:33.608] [Server thread/INFO] [WorldEdit/]: ====================================================
Server threadEx[10Apr2026 22:43:33.608] [Server thread/INFO] [SkinsRestorer/]: Enabling SkinsRestorer v15.11.1
Server threadEx[10Apr2026 22:43:33.839] [Server thread/WARN] [SkinsRestorer/]: Loaded class net.kyori.adventure.text.Component from packetevents v2.11.2 which is not a depend or softdepend of this plugin.
Server threadEx[10Apr2026 22:43:34.520] [Server thread/INFO] [Console/]: [33;1m[[32;22mSkinsRestorer[33;1m] [0;39m[32;1mRunning on Minecraft [33;1m1.21.1[32;1m.[0;39m
Server threadEx[10Apr2026 22:43:35.096] [Server thread/INFO] [net.minecraft.class_3176/]: Preparing level "world"
Server threadEx[10Apr2026 22:43:35.104] [Server thread/INFO] [Arclight/]: Registered 0 new dimensions
Server threadEx[10Apr2026 22:43:35.204] [Server thread/INFO] [Minecraft/]: -------- World Settings For [Mundo nuevo] --------
Server threadEx[10Apr2026 22:43:35.204] [Server thread/INFO] [Minecraft/]: Experience Merge Radius: 3.0
Server threadEx[10Apr2026 22:43:35.204] [Server thread/INFO] [Minecraft/]: Mob Spawn Range: 6
Server threadEx[10Apr2026 22:43:35.204] [Server thread/INFO] [Minecraft/]: Arrow Despawn Rate: 1200 Trident Respawn Rate:1200
Server threadEx[10Apr2026 22:43:35.204] [Server thread/INFO] [Minecraft/]: Zombie Aggressive Towards Villager: true
Server threadEx[10Apr2026 22:43:35.204] [Server thread/INFO] [Minecraft/]: Allow Zombie Pigmen to spawn from portal blocks: true
Server threadEx[10Apr2026 22:43:35.204] [Server thread/INFO] [Minecraft/]: Cactus Growth Modifier: 100%
Server threadEx[10Apr2026 22:43:35.204] [Server thread/INFO] [Minecraft/]: Cane Growth Modifier: 100%
Server threadEx[10Apr2026 22:43:35.204] [Server thread/INFO] [Minecraft/]: Melon Growth Modifier: 100%
Server threadEx[10Apr2026 22:43:35.204] [Server thread/INFO] [Minecraft/]: Mushroom Growth Modifier: 100%
Server threadEx[10Apr2026 22:43:35.204] [Server thread/INFO] [Minecraft/]: Pumpkin Growth Modifier: 100%
Server threadEx[10Apr2026 22:43:35.204] [Server thread/INFO] [Minecraft/]: Sapling Growth Modifier: 100%
Server threadEx[10Apr2026 22:43:35.204] [Server thread/INFO] [Minecraft/]: Beetroot Growth Modifier: 100%
Server threadEx[10Apr2026 22:43:35.204] [Server thread/INFO] [Minecraft/]: Carrot Growth Modifier: 100%
Server threadEx[10Apr2026 22:43:35.204] [Server thread/INFO] [Minecraft/]: Potato Growth Modifier: 100%
Server threadEx[10Apr2026 22:43:35.204] [Server thread/INFO] [Minecraft/]: Wheat Growth Modifier: 100%
Server threadEx[10Apr2026 22:43:35.204] [Server thread/INFO] [Minecraft/]: NetherWart Growth Modifier: 100%
Server threadEx[10Apr2026 22:43:35.204] [Server thread/INFO] [Minecraft/]: Vine Growth Modifier: 100%
Server threadEx[10Apr2026 22:43:35.204] [Server thread/INFO] [Minecraft/]: Cocoa Growth Modifier: 100%
Server threadEx[10Apr2026 22:43:35.204] [Server thread/INFO] [Minecraft/]: Bamboo Growth Modifier: 100%
Server threadEx[10Apr2026 22:43:35.204] [Server thread/INFO] [Minecraft/]: SweetBerry Growth Modifier: 100%
Server threadEx[10Apr2026 22:43:35.205] [Server thread/INFO] [Minecraft/]: Kelp Growth Modifier: 100%
Server threadEx[10Apr2026 22:43:35.205] [Server thread/INFO] [Minecraft/]: TwistingVines Growth Modifier: 100%
Server threadEx[10Apr2026 22:43:35.205] [Server thread/INFO] [Minecraft/]: WeepingVines Growth Modifier: 100%
Server threadEx[10Apr2026 22:43:35.205] [Server thread/INFO] [Minecraft/]: CaveVines Growth Modifier: 100%
Server threadEx[10Apr2026 22:43:35.205] [Server thread/INFO] [Minecraft/]: Entity Activation Range: An 32 / Mo 32 / Ra 48 / Mi 16 / Tiv true / Isa false
Server threadEx[10Apr2026 22:43:35.205] [Server thread/INFO] [Minecraft/]: Entity Tracking Range: Pl 48 / An 48 / Mo 48 / Mi 32 / Di 128 / Other 64
Server threadEx[10Apr2026 22:43:35.205] [Server thread/INFO] [Minecraft/]: Hopper Transfer: 8 Hopper Check: 1 Hopper Amount: 1 Hopper Can Load Chunks: false
Server threadEx[10Apr2026 22:43:35.205] [Server thread/INFO] [Minecraft/]: Custom Map Seeds:  Village: 10387312 Desert: 14357617 Igloo: 14357618 Jungle: 14357619 Swamp: 14357620 Monument: 10387313 Ocean: 14357621 Shipwreck: 165745295 End City: 10387313 Slime: 987234911 Nether: 30084232 Mansion: 10387319 Fossil: 14357921 Portal: 34222645
Server threadEx[10Apr2026 22:43:35.205] [Server thread/INFO] [Minecraft/]: Max TNT Explosions: 100
Server threadEx[10Apr2026 22:43:35.205] [Server thread/INFO] [Minecraft/]: Tile Max Tick Time: 50ms Entity max Tick Time: 50ms
Server threadEx[10Apr2026 22:43:35.205] [Server thread/INFO] [Minecraft/]: Item Merge Radius: 2.5
Server threadEx[10Apr2026 22:43:35.205] [Server thread/INFO] [Minecraft/]: Item Despawn Rate: 6000
Server threadEx[10Apr2026 22:43:35.205] [Server thread/INFO] [Minecraft/]: View Distance: 10
Server threadEx[10Apr2026 22:43:35.205] [Server thread/INFO] [Minecraft/]: Simulation Distance: 10
Server threadEx[10Apr2026 22:43:35.205] [Server thread/INFO] [Minecraft/]: Nerfing mobs spawned from spawners: false
Server threadEx[10Apr2026 22:43:35.703] [Server thread/INFO] [Minecraft/]: -------- World Settings For [Mundo nuevo/DIM-1] --------
Server threadEx[10Apr2026 22:43:35.703] [Server thread/INFO] [Minecraft/]: Experience Merge Radius: 3.0
Server threadEx[10Apr2026 22:43:35.703] [Server thread/INFO] [Minecraft/]: Mob Spawn Range: 6
Server threadEx[10Apr2026 22:43:35.703] [Server thread/INFO] [Minecraft/]: Arrow Despawn Rate: 1200 Trident Respawn Rate:1200
Server threadEx[10Apr2026 22:43:35.703] [Server thread/INFO] [Minecraft/]: Zombie Aggressive Towards Villager: true
Server threadEx[10Apr2026 22:43:35.703] [Server thread/INFO] [Minecraft/]: Allow Zombie Pigmen to spawn from portal blocks: true
Server threadEx[10Apr2026 22:43:35.704] [Server thread/INFO] [Minecraft/]: Cactus Growth Modifier: 100%
Server threadEx[10Apr2026 22:43:35.704] [Server thread/INFO] [Minecraft/]: Cane Growth Modifier: 100%
Server threadEx[10Apr2026 22:43:35.704] [Server thread/INFO] [Minecraft/]: Melon Growth Modifier: 100%
Server threadEx[10Apr2026 22:43:35.704] [Server thread/INFO] [Minecraft/]: Mushroom Growth Modifier: 100%
Server threadEx[10Apr2026 22:43:35.704] [Server thread/INFO] [Minecraft/]: Pumpkin Growth Modifier: 100%
Server threadEx[10Apr2026 22:43:35.704] [Server thread/INFO] [Minecraft/]: Sapling Growth Modifier: 100%
Server threadEx[10Apr2026 22:43:35.704] [Server thread/INFO] [Minecraft/]: Beetroot Growth Modifier: 100%
Server threadEx[10Apr2026 22:43:35.704] [Server thread/INFO] [Minecraft/]: Carrot Growth Modifier: 100%
Server threadEx[10Apr2026 22:43:35.704] [Server thread/INFO] [Minecraft/]: Potato Growth Modifier: 100%
Server threadEx[10Apr2026 22:43:35.704] [Server thread/INFO] [Minecraft/]: Wheat Growth Modifier: 100%
Server threadEx[10Apr2026 22:43:35.704] [Server thread/INFO] [Minecraft/]: NetherWart Growth Modifier: 100%
Server threadEx[10Apr2026 22:43:35.704] [Server thread/INFO] [Minecraft/]: Vine Growth Modifier: 100%
Server threadEx[10Apr2026 22:43:35.704] [Server thread/INFO] [Minecraft/]: Cocoa Growth Modifier: 100%
Server threadEx[10Apr2026 22:43:35.704] [Server thread/INFO] [Minecraft/]: Bamboo Growth Modifier: 100%
Server threadEx[10Apr2026 22:43:35.704] [Server thread/INFO] [Minecraft/]: SweetBerry Growth Modifier: 100%
Server threadEx[10Apr2026 22:43:35.704] [Server thread/INFO] [Minecraft/]: Kelp Growth Modifier: 100%
Server threadEx[10Apr2026 22:43:35.704] [Server thread/INFO] [Minecraft/]: TwistingVines Growth Modifier: 100%
Server threadEx[10Apr2026 22:43:35.704] [Server thread/INFO] [Minecraft/]: WeepingVines Growth Modifier: 100%
Server threadEx[10Apr2026 22:43:35.704] [Server thread/INFO] [Minecraft/]: CaveVines Growth Modifier: 100%
Server threadEx[10Apr2026 22:43:35.704] [Server thread/INFO] [Minecraft/]: Entity Activation Range: An 32 / Mo 32 / Ra 48 / Mi 16 / Tiv true / Isa false
Server threadEx[10Apr2026 22:43:35.704] [Server thread/INFO] [Minecraft/]: Entity Tracking Range: Pl 48 / An 48 / Mo 48 / Mi 32 / Di 128 / Other 64
Server threadEx[10Apr2026 22:43:35.704] [Server thread/INFO] [Minecraft/]: Hopper Transfer: 8 Hopper Check: 1 Hopper Amount: 1 Hopper Can Load Chunks: false
Server threadEx[10Apr2026 22:43:35.704] [Server thread/INFO] [Minecraft/]: Custom Map Seeds:  Village: 10387312 Desert: 14357617 Igloo: 14357618 Jungle: 14357619 Swamp: 14357620 Monument: 10387313 Ocean: 14357621 Shipwreck: 165745295 End City: 10387313 Slime: 987234911 Nether: 30084232 Mansion: 10387319 Fossil: 14357921 Portal: 34222645
Server threadEx[10Apr2026 22:43:35.704] [Server thread/INFO] [Minecraft/]: Max TNT Explosions: 100
Server threadEx[10Apr2026 22:43:35.704] [Server thread/INFO] [Minecraft/]: Tile Max Tick Time: 50ms Entity max Tick Time: 50ms
Server threadEx[10Apr2026 22:43:35.704] [Server thread/INFO] [Minecraft/]: Item Merge Radius: 2.5
Server threadEx[10Apr2026 22:43:35.704] [Server thread/INFO] [Minecraft/]: Item Despawn Rate: 6000
Server threadEx[10Apr2026 22:43:35.704] [Server thread/INFO] [Minecraft/]: View Distance: 10
Server threadEx[10Apr2026 22:43:35.705] [Server thread/INFO] [Minecraft/]: Simulation Distance: 10
Server threadEx[10Apr2026 22:43:35.705] [Server thread/INFO] [Minecraft/]: Nerfing mobs spawned from spawners: false
Server threadEx[10Apr2026 22:43:35.741] [Server thread/INFO] [Minecraft/]: -------- World Settings For [Mundo nuevo/DIM1] --------
Server threadEx[10Apr2026 22:43:35.741] [Server thread/INFO] [Minecraft/]: Experience Merge Radius: 3.0
Server threadEx[10Apr2026 22:43:35.741] [Server thread/INFO] [Minecraft/]: Mob Spawn Range: 6
Server threadEx[10Apr2026 22:43:35.741] [Server thread/INFO] [Minecraft/]: Arrow Despawn Rate: 1200 Trident Respawn Rate:1200
Server threadEx[10Apr2026 22:43:35.741] [Server thread/INFO] [Minecraft/]: Zombie Aggressive Towards Villager: true
Server threadEx[10Apr2026 22:43:35.741] [Server thread/INFO] [Minecraft/]: Allow Zombie Pigmen to spawn from portal blocks: true
Server threadEx[10Apr2026 22:43:35.741] [Server thread/INFO] [Minecraft/]: Cactus Growth Modifier: 100%
Server threadEx[10Apr2026 22:43:35.741] [Server thread/INFO] [Minecraft/]: Cane Growth Modifier: 100%
Server threadEx[10Apr2026 22:43:35.741] [Server thread/INFO] [Minecraft/]: Melon Growth Modifier: 100%
Server threadEx[10Apr2026 22:43:35.741] [Server thread/INFO] [Minecraft/]: Mushroom Growth Modifier: 100%
Server threadEx[10Apr2026 22:43:35.741] [Server thread/INFO] [Minecraft/]: Pumpkin Growth Modifier: 100%
Server threadEx[10Apr2026 22:43:35.741] [Server thread/INFO] [Minecraft/]: Sapling Growth Modifier: 100%
Server threadEx[10Apr2026 22:43:35.741] [Server thread/INFO] [Minecraft/]: Beetroot Growth Modifier: 100%
Server threadEx[10Apr2026 22:43:35.741] [Server thread/INFO] [Minecraft/]: Carrot Growth Modifier: 100%
Server threadEx[10Apr2026 22:43:35.741] [Server thread/INFO] [Minecraft/]: Potato Growth Modifier: 100%
Server threadEx[10Apr2026 22:43:35.741] [Server thread/INFO] [Minecraft/]: Wheat Growth Modifier: 100%
Server threadEx[10Apr2026 22:43:35.741] [Server thread/INFO] [Minecraft/]: NetherWart Growth Modifier: 100%
Server threadEx[10Apr2026 22:43:35.741] [Server thread/INFO] [Minecraft/]: Vine Growth Modifier: 100%
Server threadEx[10Apr2026 22:43:35.741] [Server thread/INFO] [Minecraft/]: Cocoa Growth Modifier: 100%
Server threadEx[10Apr2026 22:43:35.741] [Server thread/INFO] [Minecraft/]: Bamboo Growth Modifier: 100%
Server threadEx[10Apr2026 22:43:35.741] [Server thread/INFO] [Minecraft/]: SweetBerry Growth Modifier: 100%
Server threadEx[10Apr2026 22:43:35.742] [Server thread/INFO] [Minecraft/]: Kelp Growth Modifier: 100%
Server threadEx[10Apr2026 22:43:35.742] [Server thread/INFO] [Minecraft/]: TwistingVines Growth Modifier: 100%
Server threadEx[10Apr2026 22:43:35.742] [Server thread/INFO] [Minecraft/]: WeepingVines Growth Modifier: 100%
Server threadEx[10Apr2026 22:43:35.742] [Server thread/INFO] [Minecraft/]: CaveVines Growth Modifier: 100%
Server threadEx[10Apr2026 22:43:35.742] [Server thread/INFO] [Minecraft/]: Entity Activation Range: An 32 / Mo 32 / Ra 48 / Mi 16 / Tiv true / Isa false
Server threadEx[10Apr2026 22:43:35.742] [Server thread/INFO] [Minecraft/]: Entity Tracking Range: Pl 48 / An 48 / Mo 48 / Mi 32 / Di 128 / Other 64
Server threadEx[10Apr2026 22:43:35.742] [Server thread/INFO] [Minecraft/]: Hopper Transfer: 8 Hopper Check: 1 Hopper Amount: 1 Hopper Can Load Chunks: false
Server threadEx[10Apr2026 22:43:35.742] [Server thread/INFO] [Minecraft/]: Custom Map Seeds:  Village: 10387312 Desert: 14357617 Igloo: 14357618 Jungle: 14357619 Swamp: 14357620 Monument: 10387313 Ocean: 14357621 Shipwreck: 165745295 End City: 10387313 Slime: 987234911 Nether: 30084232 Mansion: 10387319 Fossil: 14357921 Portal: 34222645
Server threadEx[10Apr2026 22:43:35.742] [Server thread/INFO] [Minecraft/]: Max TNT Explosions: 100
Server threadEx[10Apr2026 22:43:35.742] [Server thread/INFO] [Minecraft/]: Tile Max Tick Time: 50ms Entity max Tick Time: 50ms
Server threadEx[10Apr2026 22:43:35.742] [Server thread/INFO] [Minecraft/]: Item Merge Radius: 2.5
Server threadEx[10Apr2026 22:43:35.742] [Server thread/INFO] [Minecraft/]: Item Despawn Rate: 6000
Server threadEx[10Apr2026 22:43:35.742] [Server thread/INFO] [Minecraft/]: View Distance: 10
Server threadEx[10Apr2026 22:43:35.742] [Server thread/INFO] [Minecraft/]: Simulation Distance: 10
Server threadEx[10Apr2026 22:43:35.742] [Server thread/INFO] [Minecraft/]: Nerfing mobs spawned from spawners: false
Server threadEx[10Apr2026 22:43:35.752] [Server thread/INFO] [packetevents/]: Enabling packetevents v2.11.2
Server threadEx[10Apr2026 22:43:35.754] [packetevents-update-check-thread/INFO] [Console/]: [packetevents] Checking for updates, please wait...
packetevents-update-check-threadEx[10Apr2026 22:43:35.767] [Server thread/INFO] [Animorph/]: Enabling Animorph v1.0.1-SNAPSHOT
Server threadEx[10Apr2026 22:43:35.924] [Server thread/INFO] [Animorph/]: Loading file example.yml
Server threadEx[10Apr2026 22:43:35.926] [Server thread/INFO] [Animorph/]: Loading file example.yml
Server threadEx[10Apr2026 22:43:35.927] [Server thread/INFO] [Animorph/]: Loading file example.yml
Server threadEx[10Apr2026 22:43:35.930] [Server thread/WARN] [Animorph/]: error on loading animation filedoggy.animation.json
Server threadEx[10Apr2026 22:43:35.930] [Server thread/WARN] [Animorph/]: plugins/Animorph/animations/doggy.animation.json
Server threadEx[10Apr2026 22:43:35.930] [Server thread/INFO] [Animorph/]: Loaded 1 animations
Server threadEx[10Apr2026 22:43:35.936] [Server thread/WARN] [Animorph/]: Model file not found: example.geo.json
Server threadEx[10Apr2026 22:43:35.937] [Server thread/WARN] [Animorph/]: Model file not found: example_slim.geo.json
Server threadEx[10Apr2026 22:43:35.942] [Server thread/INFO] [Animorph/]: Loaded 2 models
Server threadEx[10Apr2026 22:43:35.955] [Server thread/INFO] [Minecraft/]: Server permissions file permissions.yml is empty, ignoring it
Server threadEx[10Apr2026 22:43:35.998] [Server thread/INFO] [net.minecraft.server.MinecraftServer/]: Preparing start region for dimension minecraft:overworld
Server threadEx[10Apr2026 22:43:36.050] [packetevents-update-check-thread/INFO] [Console/]: [packetevents] There is an update available for PacketEvents! Your build: (2.11.2) | Latest release: (2.12.0)
packetevents-update-check-threadEx[10Apr2026 22:43:36.557] [Worker-Main-3/INFO] [net.minecraft.class_3951/]: Preparing spawn area: 0%
Worker-Main-3Ex[10Apr2026 22:43:36.557] [Worker-Main-3/INFO] [net.minecraft.class_3951/]: Preparing spawn area: 0%
Worker-Main-3Ex[10Apr2026 22:43:36.689] [Server thread/INFO] [net.minecraft.class_3951/]: Time elapsed: 690 ms
Server threadEx[10Apr2026 22:43:36.689] [Server thread/INFO] [net.minecraft.class_3176/]: Done (1.594s)! For help, type "help"
Server threadEx[10Apr2026 22:43:36.692] [Server thread/WARN] [ModernFix/]: Dedicated server took 39.701 seconds to load
Server threadEx[10Apr2026 22:43:36.870] [Craft Scheduler Thread - 1/INFO] [Console/]: [33;1m[[32;22mSkinsRestorer[33;1m] [0;39m[32;1m----------------------------------------------[0;39m
Craft Scheduler Thread - 1Ex[10Apr2026 22:43:36.870] [Craft Scheduler Thread - 1/INFO] [Console/]: [33;1m[[32;22mSkinsRestorer[33;1m] [0;39m[32;1m    +==================+[0;39m
Craft Scheduler Thread - 1Ex[10Apr2026 22:43:36.870] [Craft Scheduler Thread - 1/INFO] [Console/]: [33;1m[[32;22mSkinsRestorer[33;1m] [0;39m[32;1m    |   SkinsRestorer  |[0;39m
Craft Scheduler Thread - 1Ex[10Apr2026 22:43:36.870] [Craft Scheduler Thread - 1/INFO] [Console/]: [33;1m[[32;22mSkinsRestorer[33;1m] [0;39m[32;1m    |------------------|[0;39m
Craft Scheduler Thread - 1Ex[10Apr2026 22:43:36.870] [Craft Scheduler Thread - 1/INFO] [Console/]: [33;1m[[32;22mSkinsRestorer[33;1m] [0;39m[32;1m    |  [34;1m[4m[21mStandalone Mode[0;39m[32;1m |[0;39m
Craft Scheduler Thread - 1Ex[10Apr2026 22:43:36.870] [Craft Scheduler Thread - 1/INFO] [Console/]: [33;1m[[32;22mSkinsRestorer[33;1m] [0;39m[32;1m    +==================+[0;39m
Craft Scheduler Thread - 1Ex[10Apr2026 22:43:36.870] [Craft Scheduler Thread - 1/INFO] [Console/]: [33;1m[[32;22mSkinsRestorer[33;1m] [0;39m[32;1m----------------------------------------------[0;39m
Craft Scheduler Thread - 1Ex[10Apr2026 22:43:36.870] [Craft Scheduler Thread - 1/INFO] [Console/]: [33;1m[[32;22mSkinsRestorer[33;1m] [0;39m[36;1m    Version: [32;1m15.11.1[0;39m
Craft Scheduler Thread - 1Ex[10Apr2026 22:43:36.870] [Craft Scheduler Thread - 1/INFO] [Console/]: [33;1m[[32;22mSkinsRestorer[33;1m] [0;39m[36;1m    Commit: [32;1m13491f5[0;39m
Craft Scheduler Thread - 1Ex[10Apr2026 22:43:36.870] [Craft Scheduler Thread - 1/INFO] [Console/]: [33;1m[[32;22mSkinsRestorer[33;1m] [0;39m[32;1m    This is the latest version![0;39m
Craft Scheduler Thread - 1Ex[10Apr2026 22:43:36.871] [Craft Scheduler Thread - 1/INFO] [Console/]: [33;1m[[32;22mSkinsRestorer[33;1m] [0;39m[32;1m----------------------------------------------[0;39m
Craft Scheduler Thread - 1Ex[10Apr2026 22:43:36.871] [Craft Scheduler Thread - 1/INFO] [Console/]: [33;1m[[32;22mSkinsRestorer[33;1m] [0;39m[34;1mDo you have issues? Read our troubleshooting guide: [33;1mhttps://skinsrestorer.net/docs/troubleshooting[0;39m
Craft Scheduler Thread - 1Ex[10Apr2026 22:43:36.871] [Craft Scheduler Thread - 1/INFO] [Console/]: [33;1m[[32;22mSkinsRestorer[33;1m] [0;39m[34;1mWant to support SkinsRestorer? Consider donating: [33;1mhttps://skinsrestorer.net/donate[0;39m
Craft Scheduler Thread - 1Ex[10Apr2026 22:45:03.193] [User Authenticator #1/INFO] [net.minecraft.class_3248/]: UUID of player x_plix1 is 78981dce-29f1-3879-96cd-3f9a0d07fd79
User Authenticator #1Ex[10Apr2026 22:45:05.438] [Server thread/INFO] [net.minecraft.class_3324/]: x_plix1[/127.14.25.173:45439] logged in with entity id 8 at (-99.14401979960707, -57.0, -392.1402588649771)
Server threadEx[10Apr2026 22:45:05.533] [Server thread/INFO] [net.minecraft.server.MinecraftServer/]: x_plix1 joined the game
Server threadEx[10Apr2026 22:45:44.335] [Server thread/INFO] [net.minecraft.class_3244/]: x_plix1 issued server command: /gamemode spectator
Server threadEx[10Apr2026 22:45:44.346] [Server thread/INFO] [net.minecraft.server.MinecraftServer/]: [x_plix1: Set own game mode to Spectator Mode]
Server threadEx[10Apr2026 22:45:53.347] [Server thread/INFO] [net.minecraft.class_3244/]: x_plix1 issued server command: /gamemode creative
Server threadEx[10Apr2026 22:45:53.348] [Server thread/INFO] [net.minecraft.server.MinecraftServer/]: [x_plix1: Set own game mode to Creative Mode]
Server threadEx[10Apr2026 22:46:08.233] [Server thread/INFO] [net.minecraft.class_3244/]: x_plix1 issued server command: /gamemode adventure
Server threadEx[10Apr2026 22:46:08.233] [Server thread/INFO] [net.minecraft.server.MinecraftServer/]: [x_plix1: Set own game mode to Adventure Mode]
Server threadEx[10Apr2026 22:46:21.422] [Server thread/INFO] [net.minecraft.class_3244/]: x_plix1 issued server command: /gamemode creative
Server threadEx[10Apr2026 22:46:21.422] [Server thread/INFO] [net.minecraft.server.MinecraftServer/]: [x_plix1: Set own game mode to Creative Mode]
Server threadEx[10Apr2026 22:46:34.660] [Server thread/INFO] [net.minecraft.class_3244/]: x_plix1 issued server command: /gamemode adventure
Server threadEx[10Apr2026 22:46:34.661] [Server thread/INFO] [net.minecraft.server.MinecraftServer/]: [x_plix1: Set own game mode to Adventure Mode]
Server threadEx[10Apr2026 22:46:36.099] [Server thread/INFO] [net.minecraft.class_3244/]: x_plix1 issued server command: /gamemode spectator
Server threadEx[10Apr2026 22:46:36.099] [Server thread/INFO] [net.minecraft.server.MinecraftServer/]: [x_plix1: Set own game mode to Spectator Mode]
Server threadEx[10Apr2026 22:46:37.271] [Server thread/INFO] [net.minecraft.class_3244/]: x_plix1 issued server command: /gamemode creative
Server threadEx[10Apr2026 22:46:37.272] [Server thread/INFO] [net.minecraft.server.MinecraftServer/]: [x_plix1: Set own game mode to Creative Mode]
Server threadEx[10Apr2026 22:46:38.979] [Server thread/INFO] [net.minecraft.class_3244/]: x_plix1 issued server command: /gamemode spectator
Server threadEx[10Apr2026 22:46:38.979] [Server thread/INFO] [net.minecraft.server.MinecraftServer/]: [x_plix1: Set own game mode to Spectator Mode]
Server threadEx[10Apr2026 22:48:49.350] [Server thread/INFO] [net.minecraft.class_3244/]: x_plix1 issued server command: /gamemode creative
Server threadEx[10Apr2026 22:48:49.351] [Server thread/INFO] [net.minecraft.server.MinecraftServer/]: [x_plix1: Set own game mode to Creative Mode]
Server threadEx[10Apr2026 22:49:02.919] [Server thread/INFO] [net.minecraft.class_3244/]: x_plix1 issued server command: /sequency_updatelives 4
Server threadEx[10Apr2026 22:49:23.645] [Server thread/INFO] [net.minecraft.class_3244/]: x_plix1 lost connection: Disconnected
Server threadEx[10Apr2026 22:49:23.657] [Server thread/INFO] [net.minecraft.server.MinecraftServer/]: x_plix1 left the game
Server threadEx